{"/Users/lindseyipson/Documents/SBExercises/NodePgExercise/app.js": {"path":"/Users/lindseyipson/Documents/SBExercises/NodePgExercise/app.js","statementMap":{"0":{"start":{"line":1,"column":16},"end":{"line":1,"column":34}},"1":{"start":{"line":2,"column":12},"end":{"line":2,"column":21}},"2":{"start":{"line":3,"column":21},"end":{"line":3,"column":46}},"3":{"start":{"line":5,"column":0},"end":{"line":5,"column":24}},"4":{"start":{"line":7,"column":24},"end":{"line":7,"column":53}},"5":{"start":{"line":8,"column":0},"end":{"line":8,"column":39}},"6":{"start":{"line":10,"column":23},"end":{"line":10,"column":51}},"7":{"start":{"line":11,"column":0},"end":{"line":11,"column":37}},"8":{"start":{"line":13,"column":25},"end":{"line":13,"column":55}},"9":{"start":{"line":14,"column":0},"end":{"line":14,"column":41}},"10":{"start":{"line":16,"column":0},"end":{"line":19,"column":3}},"11":{"start":{"line":17,"column":14},"end":{"line":17,"column":48}},"12":{"start":{"line":18,"column":2},"end":{"line":18,"column":19}},"13":{"start":{"line":21,"column":0},"end":{"line":28,"column":3}},"14":{"start":{"line":22,"column":2},"end":{"line":22,"column":32}},"15":{"start":{"line":24,"column":2},"end":{"line":27,"column":5}},"16":{"start":{"line":30,"column":0},"end":{"line":30,"column":21}}},"fnMap":{"0":{"name":"(anonymous_0)","decl":{"start":{"line":16,"column":8},"end":{"line":16,"column":9}},"loc":{"start":{"line":16,"column":33},"end":{"line":19,"column":1}},"line":16},"1":{"name":"(anonymous_1)","decl":{"start":{"line":21,"column":8},"end":{"line":21,"column":9}},"loc":{"start":{"line":21,"column":33},"end":{"line":28,"column":1}},"line":21}},"branchMap":{"0":{"loc":{"start":{"line":22,"column":13},"end":{"line":22,"column":30}},"type":"binary-expr","locations":[{"start":{"line":22,"column":13},"end":{"line":22,"column":23}},{"start":{"line":22,"column":27},"end":{"line":22,"column":30}}],"line":22}},"s":{"0":3,"1":3,"2":3,"3":3,"4":3,"5":3,"6":3,"7":3,"8":3,"9":3,"10":3,"11":0,"12":0,"13":3,"14":11,"15":11,"16":3},"f":{"0":0,"1":11},"b":{"0":[11,5]},"_coverageSchema":"1a1c01bbd47fc00a2c39e90264f33305004495a9","hash":"6c2a81719683f21959f3b71f0b0522028fa19c9e"}
,"/Users/lindseyipson/Documents/SBExercises/NodePgExercise/create_test_data.js": {"path":"/Users/lindseyipson/Documents/SBExercises/NodePgExercise/create_test_data.js","statementMap":{"0":{"start":{"line":1,"column":0},"end":{"line":1,"column":32}},"1":{"start":{"line":3,"column":11},"end":{"line":3,"column":26}},"2":{"start":{"line":4,"column":11},"end":{"line":4,"column":24}},"3":{"start":{"line":7,"column":23},"end":{"line":7,"column":58}},"4":{"start":{"line":8,"column":1},"end":{"line":8,"column":31}},"5":{"start":{"line":10,"column":1},"end":{"line":10,"column":40}},"6":{"start":{"line":11,"column":1},"end":{"line":11,"column":41}},"7":{"start":{"line":12,"column":2},"end":{"line":12,"column":43}},"8":{"start":{"line":13,"column":2},"end":{"line":13,"column":53}},"9":{"start":{"line":15,"column":1},"end":{"line":15,"column":62}},"10":{"start":{"line":17,"column":1},"end":{"line":19,"column":65}},"11":{"start":{"line":21,"column":1},"end":{"line":27,"column":3}},"12":{"start":{"line":29,"column":2},"end":{"line":31,"column":47}},"13":{"start":{"line":34,"column":0},"end":{"line":34,"column":32}}},"fnMap":{"0":{"name":"createData","decl":{"start":{"line":6,"column":15},"end":{"line":6,"column":25}},"loc":{"start":{"line":6,"column":28},"end":{"line":32,"column":1}},"line":6}},"branchMap":{},"s":{"0":3,"1":3,"2":3,"3":24,"4":24,"5":24,"6":24,"7":24,"8":24,"9":24,"10":24,"11":24,"12":24,"13":3},"f":{"0":24},"b":{},"_coverageSchema":"1a1c01bbd47fc00a2c39e90264f33305004495a9","hash":"78790aff162435876d7e1384c21e38105369322c"}
,"/Users/lindseyipson/Documents/SBExercises/NodePgExercise/db.js": {"path":"/Users/lindseyipson/Documents/SBExercises/NodePgExercise/db.js","statementMap":{"0":{"start":{"line":3,"column":19},"end":{"line":3,"column":32}},"1":{"start":{"line":7,"column":0},"end":{"line":11,"column":1}},"2":{"start":{"line":8,"column":2},"end":{"line":8,"column":40}},"3":{"start":{"line":10,"column":2},"end":{"line":10,"column":35}},"4":{"start":{"line":13,"column":9},"end":{"line":15,"column":2}},"5":{"start":{"line":17,"column":0},"end":{"line":17,"column":13}},"6":{"start":{"line":19,"column":0},"end":{"line":19,"column":20}}},"fnMap":{},"branchMap":{"0":{"loc":{"start":{"line":7,"column":0},"end":{"line":11,"column":1}},"type":"if","locations":[{"start":{"line":7,"column":0},"end":{"line":11,"column":1}},{"start":{"line":9,"column":7},"end":{"line":11,"column":1}}],"line":7}},"s":{"0":3,"1":3,"2":3,"3":0,"4":3,"5":3,"6":3},"f":{},"b":{"0":[3,0]},"_coverageSchema":"1a1c01bbd47fc00a2c39e90264f33305004495a9","hash":"d6e94aa13fe249622be243a5b899637940a1705d"}
,"/Users/lindseyipson/Documents/SBExercises/NodePgExercise/expressError.js": {"path":"/Users/lindseyipson/Documents/SBExercises/NodePgExercise/expressError.js","statementMap":{"0":{"start":{"line":9,"column":4},"end":{"line":9,"column":12}},"1":{"start":{"line":10,"column":4},"end":{"line":10,"column":27}},"2":{"start":{"line":11,"column":4},"end":{"line":11,"column":25}},"3":{"start":{"line":12,"column":4},"end":{"line":12,"column":30}},"4":{"start":{"line":16,"column":0},"end":{"line":16,"column":30}}},"fnMap":{"0":{"name":"(anonymous_0)","decl":{"start":{"line":8,"column":2},"end":{"line":8,"column":3}},"loc":{"start":{"line":8,"column":31},"end":{"line":13,"column":3}},"line":8}},"branchMap":{},"s":{"0":6,"1":6,"2":6,"3":6,"4":3},"f":{"0":6},"b":{},"_coverageSchema":"1a1c01bbd47fc00a2c39e90264f33305004495a9","hash":"acaf3e4ab464af5870c36876e8252ca2039d44d1"}
,"/Users/lindseyipson/Documents/SBExercises/NodePgExercise/routes/companies.js": {"path":"/Users/lindseyipson/Documents/SBExercises/NodePgExercise/routes/companies.js","statementMap":{"0":{"start":{"line":1,"column":16},"end":{"line":1,"column":34}},"1":{"start":{"line":2,"column":21},"end":{"line":2,"column":47}},"2":{"start":{"line":3,"column":15},"end":{"line":3,"column":31}},"3":{"start":{"line":4,"column":11},"end":{"line":4,"column":27}},"4":{"start":{"line":5,"column":16},"end":{"line":5,"column":34}},"5":{"start":{"line":7,"column":0},"end":{"line":14,"column":3}},"6":{"start":{"line":8,"column":1},"end":{"line":13,"column":2}},"7":{"start":{"line":9,"column":17},"end":{"line":9,"column":67}},"8":{"start":{"line":10,"column":2},"end":{"line":10,"column":46}},"9":{"start":{"line":12,"column":2},"end":{"line":12,"column":19}},"10":{"start":{"line":16,"column":0},"end":{"line":43,"column":3}},"11":{"start":{"line":17,"column":1},"end":{"line":42,"column":2}},"12":{"start":{"line":18,"column":19},"end":{"line":18,"column":29}},"13":{"start":{"line":19,"column":26},"end":{"line":22,"column":5}},"14":{"start":{"line":23,"column":4},"end":{"line":25,"column":5}},"15":{"start":{"line":24,"column":6},"end":{"line":24,"column":77}},"16":{"start":{"line":26,"column":26},"end":{"line":29,"column":5}},"17":{"start":{"line":30,"column":27},"end":{"line":33,"column":5}},"18":{"start":{"line":34,"column":20},"end":{"line":34,"column":41}},"19":{"start":{"line":35,"column":21},"end":{"line":35,"column":39}},"20":{"start":{"line":36,"column":23},"end":{"line":36,"column":67}},"21":{"start":{"line":36,"column":54},"end":{"line":36,"column":66}},"22":{"start":{"line":37,"column":4},"end":{"line":37,"column":51}},"23":{"start":{"line":37,"column":43},"end":{"line":37,"column":49}},"24":{"start":{"line":38,"column":4},"end":{"line":38,"column":36}},"25":{"start":{"line":39,"column":4},"end":{"line":39,"column":44}},"26":{"start":{"line":41,"column":2},"end":{"line":41,"column":19}},"27":{"start":{"line":45,"column":0},"end":{"line":57,"column":3}},"28":{"start":{"line":46,"column":1},"end":{"line":56,"column":2}},"29":{"start":{"line":47,"column":32},"end":{"line":47,"column":40}},"30":{"start":{"line":48,"column":17},"end":{"line":48,"column":47}},"31":{"start":{"line":49,"column":17},"end":{"line":52,"column":3}},"32":{"start":{"line":53,"column":4},"end":{"line":53,"column":61}},"33":{"start":{"line":55,"column":2},"end":{"line":55,"column":19}},"34":{"start":{"line":59,"column":0},"end":{"line":74,"column":3}},"35":{"start":{"line":60,"column":2},"end":{"line":73,"column":3}},"36":{"start":{"line":61,"column":21},"end":{"line":61,"column":31}},"37":{"start":{"line":62,"column":34},"end":{"line":62,"column":42}},"38":{"start":{"line":63,"column":19},"end":{"line":66,"column":5}},"39":{"start":{"line":67,"column":4},"end":{"line":69,"column":5}},"40":{"start":{"line":68,"column":6},"end":{"line":68,"column":79}},"41":{"start":{"line":70,"column":4},"end":{"line":70,"column":49}},"42":{"start":{"line":72,"column":4},"end":{"line":72,"column":21}},"43":{"start":{"line":76,"column":0},"end":{"line":90,"column":3}},"44":{"start":{"line":77,"column":2},"end":{"line":89,"column":3}},"45":{"start":{"line":78,"column":21},"end":{"line":78,"column":31}},"46":{"start":{"line":79,"column":19},"end":{"line":82,"column":5}},"47":{"start":{"line":83,"column":4},"end":{"line":85,"column":5}},"48":{"start":{"line":84,"column":6},"end":{"line":84,"column":79}},"49":{"start":{"line":86,"column":4},"end":{"line":86,"column":43}},"50":{"start":{"line":88,"column":4},"end":{"line":88,"column":21}},"51":{"start":{"line":92,"column":0},"end":{"line":92,"column":24}}},"fnMap":{"0":{"name":"(anonymous_0)","decl":{"start":{"line":7,"column":16},"end":{"line":7,"column":17}},"loc":{"start":{"line":7,"column":42},"end":{"line":14,"column":1}},"line":7},"1":{"name":"(anonymous_1)","decl":{"start":{"line":16,"column":21},"end":{"line":16,"column":22}},"loc":{"start":{"line":16,"column":47},"end":{"line":43,"column":1}},"line":16},"2":{"name":"(anonymous_2)","decl":{"start":{"line":36,"column":47},"end":{"line":36,"column":48}},"loc":{"start":{"line":36,"column":54},"end":{"line":36,"column":66}},"line":36},"3":{"name":"(anonymous_3)","decl":{"start":{"line":37,"column":36},"end":{"line":37,"column":37}},"loc":{"start":{"line":37,"column":43},"end":{"line":37,"column":49}},"line":37},"4":{"name":"(anonymous_4)","decl":{"start":{"line":45,"column":17},"end":{"line":45,"column":18}},"loc":{"start":{"line":45,"column":43},"end":{"line":57,"column":1}},"line":45},"5":{"name":"(anonymous_5)","decl":{"start":{"line":59,"column":21},"end":{"line":59,"column":22}},"loc":{"start":{"line":59,"column":47},"end":{"line":74,"column":1}},"line":59},"6":{"name":"(anonymous_6)","decl":{"start":{"line":76,"column":24},"end":{"line":76,"column":25}},"loc":{"start":{"line":76,"column":50},"end":{"line":90,"column":1}},"line":76}},"branchMap":{"0":{"loc":{"start":{"line":23,"column":4},"end":{"line":25,"column":5}},"type":"if","locations":[{"start":{"line":23,"column":4},"end":{"line":25,"column":5}},{"start":{},"end":{}}],"line":23},"1":{"loc":{"start":{"line":67,"column":4},"end":{"line":69,"column":5}},"type":"if","locations":[{"start":{"line":67,"column":4},"end":{"line":69,"column":5}},{"start":{},"end":{}}],"line":67},"2":{"loc":{"start":{"line":83,"column":4},"end":{"line":85,"column":5}},"type":"if","locations":[{"start":{"line":83,"column":4},"end":{"line":85,"column":5}},{"start":{},"end":{}}],"line":83}},"s":{"0":3,"1":3,"2":3,"3":3,"4":3,"5":3,"6":1,"7":1,"8":1,"9":0,"10":3,"11":2,"12":2,"13":2,"14":2,"15":1,"16":1,"17":1,"18":1,"19":1,"20":1,"21":0,"22":1,"23":1,"24":1,"25":1,"26":1,"27":3,"28":3,"29":3,"30":3,"31":2,"32":1,"33":2,"34":3,"35":3,"36":3,"37":3,"38":3,"39":2,"40":1,"41":1,"42":2,"43":3,"44":2,"45":2,"46":2,"47":2,"48":1,"49":1,"50":1,"51":3},"f":{"0":1,"1":2,"2":0,"3":1,"4":3,"5":3,"6":2},"b":{"0":[1,1],"1":[1,1],"2":[1,1]},"_coverageSchema":"1a1c01bbd47fc00a2c39e90264f33305004495a9","hash":"80ed0c6a97edb95c081ba31b3bb4fe3ec951fae9"}
,"/Users/lindseyipson/Documents/SBExercises/NodePgExercise/routes/industries.js": {"path":"/Users/lindseyipson/Documents/SBExercises/NodePgExercise/routes/industries.js","statementMap":{"0":{"start":{"line":1,"column":16},"end":{"line":1,"column":34}},"1":{"start":{"line":2,"column":21},"end":{"line":2,"column":47}},"2":{"start":{"line":3,"column":15},"end":{"line":3,"column":31}},"3":{"start":{"line":4,"column":11},"end":{"line":4,"column":27}},"4":{"start":{"line":5,"column":16},"end":{"line":5,"column":34}},"5":{"start":{"line":7,"column":0},"end":{"line":20,"column":3}},"6":{"start":{"line":8,"column":2},"end":{"line":19,"column":3}},"7":{"start":{"line":9,"column":18},"end":{"line":14,"column":5}},"8":{"start":{"line":15,"column":29},"end":{"line":15,"column":50}},"9":{"start":{"line":16,"column":4},"end":{"line":16,"column":59}},"10":{"start":{"line":18,"column":4},"end":{"line":18,"column":21}},"11":{"start":{"line":22,"column":0},"end":{"line":34,"column":3}},"12":{"start":{"line":23,"column":2},"end":{"line":33,"column":3}},"13":{"start":{"line":24,"column":25},"end":{"line":24,"column":33}},"14":{"start":{"line":25,"column":17},"end":{"line":25,"column":51}},"15":{"start":{"line":26,"column":19},"end":{"line":29,"column":5}},"16":{"start":{"line":30,"column":4},"end":{"line":30,"column":62}},"17":{"start":{"line":32,"column":4},"end":{"line":32,"column":21}},"18":{"start":{"line":36,"column":0},"end":{"line":48,"column":3}},"19":{"start":{"line":37,"column":2},"end":{"line":47,"column":3}},"20":{"start":{"line":38,"column":21},"end":{"line":38,"column":31}},"21":{"start":{"line":39,"column":26},"end":{"line":39,"column":34}},"22":{"start":{"line":40,"column":19},"end":{"line":43,"column":5}},"23":{"start":{"line":44,"column":4},"end":{"line":44,"column":70}},"24":{"start":{"line":46,"column":4},"end":{"line":46,"column":21}},"25":{"start":{"line":50,"column":0},"end":{"line":50,"column":24}}},"fnMap":{"0":{"name":"(anonymous_0)","decl":{"start":{"line":7,"column":16},"end":{"line":7,"column":17}},"loc":{"start":{"line":7,"column":42},"end":{"line":20,"column":1}},"line":7},"1":{"name":"(anonymous_1)","decl":{"start":{"line":22,"column":17},"end":{"line":22,"column":18}},"loc":{"start":{"line":22,"column":43},"end":{"line":34,"column":1}},"line":22},"2":{"name":"(anonymous_2)","decl":{"start":{"line":36,"column":22},"end":{"line":36,"column":23}},"loc":{"start":{"line":36,"column":48},"end":{"line":48,"column":1}},"line":36}},"branchMap":{},"s":{"0":3,"1":3,"2":3,"3":3,"4":3,"5":3,"6":1,"7":1,"8":1,"9":1,"10":0,"11":3,"12":1,"13":1,"14":1,"15":1,"16":1,"17":0,"18":3,"19":1,"20":1,"21":1,"22":1,"23":1,"24":0,"25":3},"f":{"0":1,"1":1,"2":1},"b":{},"_coverageSchema":"1a1c01bbd47fc00a2c39e90264f33305004495a9","hash":"4a5960337ce9c018ed647b3ef45ad3bdfe353800"}
,"/Users/lindseyipson/Documents/SBExercises/NodePgExercise/routes/invoices.js": {"path":"/Users/lindseyipson/Documents/SBExercises/NodePgExercise/routes/invoices.js","statementMap":{"0":{"start":{"line":1,"column":16},"end":{"line":1,"column":34}},"1":{"start":{"line":2,"column":21},"end":{"line":2,"column":47}},"2":{"start":{"line":3,"column":15},"end":{"line":3,"column":31}},"3":{"start":{"line":4,"column":11},"end":{"line":4,"column":27}},"4":{"start":{"line":6,"column":0},"end":{"line":13,"column":3}},"5":{"start":{"line":7,"column":1},"end":{"line":12,"column":2}},"6":{"start":{"line":8,"column":17},"end":{"line":8,"column":69}},"7":{"start":{"line":9,"column":2},"end":{"line":9,"column":45}},"8":{"start":{"line":11,"column":2},"end":{"line":11,"column":19}},"9":{"start":{"line":15,"column":0},"end":{"line":42,"column":3}},"10":{"start":{"line":16,"column":2},"end":{"line":41,"column":3}},"11":{"start":{"line":17,"column":19},"end":{"line":17,"column":29}},"12":{"start":{"line":18,"column":19},"end":{"line":21,"column":5}},"13":{"start":{"line":22,"column":4},"end":{"line":24,"column":5}},"14":{"start":{"line":23,"column":6},"end":{"line":23,"column":73}},"15":{"start":{"line":25,"column":17},"end":{"line":25,"column":31}},"16":{"start":{"line":26,"column":20},"end":{"line":37,"column":5}},"17":{"start":{"line":38,"column":4},"end":{"line":38,"column":42}},"18":{"start":{"line":40,"column":4},"end":{"line":40,"column":21}},"19":{"start":{"line":44,"column":0},"end":{"line":56,"column":3}},"20":{"start":{"line":45,"column":2},"end":{"line":55,"column":3}},"21":{"start":{"line":46,"column":31},"end":{"line":46,"column":39}},"22":{"start":{"line":47,"column":19},"end":{"line":50,"column":5}},"23":{"start":{"line":51,"column":4},"end":{"line":51,"column":61}},"24":{"start":{"line":54,"column":4},"end":{"line":54,"column":21}},"25":{"start":{"line":58,"column":0},"end":{"line":89,"column":3}},"26":{"start":{"line":59,"column":2},"end":{"line":88,"column":3}},"27":{"start":{"line":60,"column":19},"end":{"line":60,"column":29}},"28":{"start":{"line":61,"column":26},"end":{"line":61,"column":34}},"29":{"start":{"line":62,"column":19},"end":{"line":62,"column":23}},"30":{"start":{"line":63,"column":27},"end":{"line":66,"column":5}},"31":{"start":{"line":67,"column":4},"end":{"line":69,"column":5}},"32":{"start":{"line":68,"column":6},"end":{"line":68,"column":73}},"33":{"start":{"line":70,"column":29},"end":{"line":70,"column":61}},"34":{"start":{"line":71,"column":4},"end":{"line":77,"column":5}},"35":{"start":{"line":72,"column":6},"end":{"line":72,"column":28}},"36":{"start":{"line":73,"column":11},"end":{"line":77,"column":5}},"37":{"start":{"line":74,"column":6},"end":{"line":74,"column":22}},"38":{"start":{"line":76,"column":6},"end":{"line":76,"column":34}},"39":{"start":{"line":78,"column":19},"end":{"line":81,"column":5}},"40":{"start":{"line":82,"column":4},"end":{"line":84,"column":5}},"41":{"start":{"line":83,"column":6},"end":{"line":83,"column":75}},"42":{"start":{"line":85,"column":4},"end":{"line":85,"column":49}},"43":{"start":{"line":87,"column":4},"end":{"line":87,"column":21}},"44":{"start":{"line":91,"column":0},"end":{"line":105,"column":3}},"45":{"start":{"line":92,"column":2},"end":{"line":104,"column":3}},"46":{"start":{"line":93,"column":19},"end":{"line":93,"column":29}},"47":{"start":{"line":94,"column":19},"end":{"line":97,"column":5}},"48":{"start":{"line":98,"column":4},"end":{"line":100,"column":5}},"49":{"start":{"line":99,"column":6},"end":{"line":99,"column":75}},"50":{"start":{"line":101,"column":4},"end":{"line":101,"column":43}},"51":{"start":{"line":103,"column":4},"end":{"line":103,"column":21}},"52":{"start":{"line":107,"column":0},"end":{"line":107,"column":24}}},"fnMap":{"0":{"name":"(anonymous_0)","decl":{"start":{"line":6,"column":16},"end":{"line":6,"column":17}},"loc":{"start":{"line":6,"column":42},"end":{"line":13,"column":1}},"line":6},"1":{"name":"(anonymous_1)","decl":{"start":{"line":15,"column":19},"end":{"line":15,"column":20}},"loc":{"start":{"line":15,"column":45},"end":{"line":42,"column":1}},"line":15},"2":{"name":"(anonymous_2)","decl":{"start":{"line":44,"column":17},"end":{"line":44,"column":18}},"loc":{"start":{"line":44,"column":43},"end":{"line":56,"column":1}},"line":44},"3":{"name":"(anonymous_3)","decl":{"start":{"line":58,"column":19},"end":{"line":58,"column":20}},"loc":{"start":{"line":58,"column":45},"end":{"line":89,"column":1}},"line":58},"4":{"name":"(anonymous_4)","decl":{"start":{"line":91,"column":22},"end":{"line":91,"column":23}},"loc":{"start":{"line":91,"column":48},"end":{"line":105,"column":1}},"line":91}},"branchMap":{"0":{"loc":{"start":{"line":22,"column":4},"end":{"line":24,"column":5}},"type":"if","locations":[{"start":{"line":22,"column":4},"end":{"line":24,"column":5}},{"start":{},"end":{}}],"line":22},"1":{"loc":{"start":{"line":67,"column":4},"end":{"line":69,"column":5}},"type":"if","locations":[{"start":{"line":67,"column":4},"end":{"line":69,"column":5}},{"start":{},"end":{}}],"line":67},"2":{"loc":{"start":{"line":71,"column":4},"end":{"line":77,"column":5}},"type":"if","locations":[{"start":{"line":71,"column":4},"end":{"line":77,"column":5}},{"start":{"line":73,"column":11},"end":{"line":77,"column":5}}],"line":71},"3":{"loc":{"start":{"line":71,"column":8},"end":{"line":71,"column":33}},"type":"binary-expr","locations":[{"start":{"line":71,"column":8},"end":{"line":71,"column":25}},{"start":{"line":71,"column":29},"end":{"line":71,"column":33}}],"line":71},"4":{"loc":{"start":{"line":73,"column":11},"end":{"line":77,"column":5}},"type":"if","locations":[{"start":{"line":73,"column":11},"end":{"line":77,"column":5}},{"start":{"line":75,"column":11},"end":{"line":77,"column":5}}],"line":73},"5":{"loc":{"start":{"line":82,"column":4},"end":{"line":84,"column":5}},"type":"if","locations":[{"start":{"line":82,"column":4},"end":{"line":84,"column":5}},{"start":{},"end":{}}],"line":82},"6":{"loc":{"start":{"line":98,"column":4},"end":{"line":100,"column":5}},"type":"if","locations":[{"start":{"line":98,"column":4},"end":{"line":100,"column":5}},{"start":{},"end":{}}],"line":98}},"s":{"0":3,"1":3,"2":3,"3":3,"4":3,"5":1,"6":1,"7":1,"8":0,"9":3,"10":2,"11":2,"12":2,"13":2,"14":1,"15":1,"16":1,"17":1,"18":1,"19":3,"20":2,"21":2,"22":2,"23":1,"24":1,"25":3,"26":3,"27":3,"28":3,"29":3,"30":3,"31":3,"32":1,"33":2,"34":2,"35":0,"36":2,"37":2,"38":0,"39":2,"40":1,"41":0,"42":1,"43":2,"44":3,"45":2,"46":2,"47":2,"48":2,"49":1,"50":1,"51":1,"52":3},"f":{"0":1,"1":2,"2":2,"3":3,"4":2},"b":{"0":[1,1],"1":[1,2],"2":[0,2],"3":[2,2],"4":[2,0],"5":[0,1],"6":[1,1]},"_coverageSchema":"1a1c01bbd47fc00a2c39e90264f33305004495a9","hash":"461270e92561c9cd107a12acf7051c28f7e253f3"}
}
