TN:
SF:app.js
FN:15,(anonymous_0)
FN:21,(anonymous_1)
FNF:2
FNH:1
FNDA:0,(anonymous_0)
FNDA:11,(anonymous_1)
DA:1,2
DA:2,2
DA:3,2
DA:5,2
DA:7,2
DA:8,2
DA:10,2
DA:11,2
DA:15,2
DA:16,0
DA:17,0
DA:21,2
DA:22,11
DA:24,11
DA:30,2
LF:15
LH:13
BRDA:22,0,0,11
BRDA:22,0,1,5
BRF:2
BRH:2
end_of_record
TN:
SF:create_test_data.js
FN:6,createData
FNF:1
FNH:1
FNDA:21,createData
DA:1,2
DA:3,2
DA:4,2
DA:7,21
DA:8,21
DA:10,21
DA:11,21
DA:12,21
DA:14,21
DA:18,21
DA:27,2
LF:11
LH:11
BRF:0
BRH:0
end_of_record
TN:
SF:db.js
FNF:0
FNH:0
DA:3,2
DA:7,2
DA:8,2
DA:10,0
DA:13,2
DA:17,2
DA:19,2
LF:7
LH:6
BRDA:7,0,0,2
BRDA:7,0,1,0
BRF:2
BRH:1
end_of_record
TN:
SF:expressError.js
FN:8,(anonymous_0)
FNF:1
FNH:1
FNDA:6,(anonymous_0)
DA:9,6
DA:10,6
DA:11,6
DA:12,6
DA:16,2
LF:5
LH:5
BRF:0
BRH:0
end_of_record
TN:
SF:routes/companies.js
FN:6,(anonymous_0)
FN:15,(anonymous_1)
FN:31,(anonymous_2)
FN:38,(anonymous_3)
FN:51,(anonymous_4)
FN:68,(anonymous_5)
FNF:6
FNH:6
FNDA:1,(anonymous_0)
FNDA:2,(anonymous_1)
FNDA:1,(anonymous_2)
FNDA:3,(anonymous_3)
FNDA:3,(anonymous_4)
FNDA:2,(anonymous_5)
DA:1,2
DA:2,2
DA:3,2
DA:4,2
DA:6,2
DA:7,1
DA:8,1
DA:9,1
DA:11,0
DA:15,2
DA:16,2
DA:17,2
DA:18,2
DA:22,2
DA:26,2
DA:27,1
DA:29,1
DA:30,1
DA:31,1
DA:32,1
DA:34,1
DA:38,2
DA:39,3
DA:40,3
DA:41,3
DA:45,1
DA:47,2
DA:51,2
DA:52,3
DA:53,3
DA:54,3
DA:55,3
DA:59,2
DA:60,1
DA:62,1
DA:64,2
DA:68,2
DA:69,2
DA:70,2
DA:71,2
DA:75,2
DA:76,1
DA:78,1
DA:80,1
DA:84,2
LF:45
LH:44
BRDA:26,0,0,1
BRDA:26,0,1,1
BRDA:59,1,0,1
BRDA:59,1,1,1
BRDA:75,2,0,1
BRDA:75,2,1,1
BRF:6
BRH:6
end_of_record
TN:
SF:routes/invoices.js
FN:6,(anonymous_0)
FN:15,(anonymous_1)
FN:44,(anonymous_2)
FN:58,(anonymous_3)
FN:75,(anonymous_4)
FNF:5
FNH:5
FNDA:1,(anonymous_0)
FNDA:2,(anonymous_1)
FNDA:2,(anonymous_2)
FNDA:3,(anonymous_3)
FNDA:2,(anonymous_4)
DA:1,2
DA:2,2
DA:3,2
DA:4,2
DA:6,2
DA:7,1
DA:8,1
DA:9,1
DA:11,0
DA:15,2
DA:16,2
DA:17,2
DA:18,2
DA:22,2
DA:23,1
DA:25,1
DA:26,1
DA:38,1
DA:40,1
DA:44,2
DA:45,2
DA:46,2
DA:47,2
DA:51,1
DA:54,1
DA:58,2
DA:59,3
DA:60,3
DA:61,3
DA:62,3
DA:66,2
DA:67,1
DA:69,1
DA:71,2
DA:75,2
DA:76,2
DA:77,2
DA:78,2
DA:82,2
DA:83,1
DA:85,1
DA:87,1
DA:91,2
LF:43
LH:42
BRDA:22,0,0,1
BRDA:22,0,1,1
BRDA:66,1,0,1
BRDA:66,1,1,1
BRDA:82,2,0,1
BRDA:82,2,1,1
BRF:6
BRH:6
end_of_record
