TN:
SF:app.js
FN:16,(anonymous_0)
FN:21,(anonymous_1)
FNF:2
FNH:1
FNDA:0,(anonymous_0)
FNDA:11,(anonymous_1)
DA:1,3
DA:2,3
DA:3,3
DA:5,3
DA:7,3
DA:8,3
DA:10,3
DA:11,3
DA:13,3
DA:14,3
DA:16,3
DA:17,0
DA:18,0
DA:21,3
DA:22,11
DA:24,11
DA:30,3
LF:17
LH:15
BRDA:22,0,0,11
BRDA:22,0,1,5
BRF:2
BRH:2
end_of_record
TN:
SF:create_test_data.js
FN:6,createData
FNF:1
FNH:1
FNDA:24,createData
DA:1,3
DA:3,3
DA:4,3
DA:7,24
DA:8,24
DA:10,24
DA:11,24
DA:12,24
DA:13,24
DA:15,24
DA:17,24
DA:21,24
DA:29,24
DA:34,3
LF:14
LH:14
BRF:0
BRH:0
end_of_record
TN:
SF:db.js
FNF:0
FNH:0
DA:3,3
DA:7,3
DA:8,3
DA:10,0
DA:13,3
DA:17,3
DA:19,3
LF:7
LH:6
BRDA:7,0,0,3
BRDA:7,0,1,0
BRF:2
BRH:1
end_of_record
TN:
SF:expressError.js
FN:8,(anonymous_0)
FNF:1
FNH:1
FNDA:6,(anonymous_0)
DA:9,6
DA:10,6
DA:11,6
DA:12,6
DA:16,3
LF:5
LH:5
BRF:0
BRH:0
end_of_record
TN:
SF:routes/companies.js
FN:7,(anonymous_0)
FN:16,(anonymous_1)
FN:36,(anonymous_2)
FN:37,(anonymous_3)
FN:45,(anonymous_4)
FN:59,(anonymous_5)
FN:76,(anonymous_6)
FNF:7
FNH:6
FNDA:1,(anonymous_0)
FNDA:2,(anonymous_1)
FNDA:0,(anonymous_2)
FNDA:1,(anonymous_3)
FNDA:3,(anonymous_4)
FNDA:3,(anonymous_5)
FNDA:2,(anonymous_6)
DA:1,3
DA:2,3
DA:3,3
DA:4,3
DA:5,3
DA:7,3
DA:8,1
DA:9,1
DA:10,1
DA:12,0
DA:16,3
DA:17,2
DA:18,2
DA:19,2
DA:23,2
DA:24,1
DA:26,1
DA:30,1
DA:34,1
DA:35,1
DA:36,1
DA:37,1
DA:38,1
DA:39,1
DA:41,1
DA:45,3
DA:46,3
DA:47,3
DA:48,3
DA:49,2
DA:53,1
DA:55,2
DA:59,3
DA:60,3
DA:61,3
DA:62,3
DA:63,3
DA:67,2
DA:68,1
DA:70,1
DA:72,2
DA:76,3
DA:77,2
DA:78,2
DA:79,2
DA:83,2
DA:84,1
DA:86,1
DA:88,1
DA:92,3
LF:50
LH:49
BRDA:23,0,0,1
BRDA:23,0,1,1
BRDA:67,1,0,1
BRDA:67,1,1,1
BRDA:83,2,0,1
BRDA:83,2,1,1
BRF:6
BRH:6
end_of_record
TN:
SF:routes/industries.js
FN:7,(anonymous_0)
FN:22,(anonymous_1)
FN:36,(anonymous_2)
FNF:3
FNH:3
FNDA:1,(anonymous_0)
FNDA:1,(anonymous_1)
FNDA:1,(anonymous_2)
DA:1,3
DA:2,3
DA:3,3
DA:4,3
DA:5,3
DA:7,3
DA:8,1
DA:9,1
DA:15,1
DA:16,1
DA:18,0
DA:22,3
DA:23,1
DA:24,1
DA:25,1
DA:26,1
DA:30,1
DA:32,0
DA:36,3
DA:37,1
DA:38,1
DA:39,1
DA:40,1
DA:44,1
DA:46,0
DA:50,3
LF:26
LH:23
BRF:0
BRH:0
end_of_record
TN:
SF:routes/invoices.js
FN:6,(anonymous_0)
FN:15,(anonymous_1)
FN:44,(anonymous_2)
FN:58,(anonymous_3)
FN:91,(anonymous_4)
FNF:5
FNH:5
FNDA:1,(anonymous_0)
FNDA:2,(anonymous_1)
FNDA:2,(anonymous_2)
FNDA:3,(anonymous_3)
FNDA:2,(anonymous_4)
DA:1,3
DA:2,3
DA:3,3
DA:4,3
DA:6,3
DA:7,1
DA:8,1
DA:9,1
DA:11,0
DA:15,3
DA:16,2
DA:17,2
DA:18,2
DA:22,2
DA:23,1
DA:25,1
DA:26,1
DA:38,1
DA:40,1
DA:44,3
DA:45,2
DA:46,2
DA:47,2
DA:51,1
DA:54,1
DA:58,3
DA:59,3
DA:60,3
DA:61,3
DA:62,3
DA:63,3
DA:67,3
DA:68,1
DA:70,2
DA:71,2
DA:72,0
DA:73,2
DA:74,2
DA:76,0
DA:78,2
DA:82,1
DA:83,0
DA:85,1
DA:87,2
DA:91,3
DA:92,2
DA:93,2
DA:94,2
DA:98,2
DA:99,1
DA:101,1
DA:103,1
DA:107,3
LF:53
LH:49
BRDA:22,0,0,1
BRDA:22,0,1,1
BRDA:67,1,0,1
BRDA:67,1,1,2
BRDA:71,2,0,0
BRDA:71,2,1,2
BRDA:71,3,0,2
BRDA:71,3,1,2
BRDA:73,4,0,2
BRDA:73,4,1,0
BRDA:82,5,0,0
BRDA:82,5,1,1
BRDA:98,6,0,1
BRDA:98,6,1,1
BRF:14
BRH:11
end_of_record
